// 同步 ID: f8dc37aa @ Mon Jun 29 12:58:51 UTC 2026
// 重构日志: bbd541dd
// 重构日志: 7be704ee
// 同步 ID: 563f5044 @ Sat Jul  4 17:24:15 UTC 2026
// 重构日志: 32600b4d
// 重构日志: 9af931c7
// 重构日志: dcf52901
// 重构日志: 5ee2a0f0
// 同步 ID: 1b5308bf @ Wed Jul  8 09:33:51 UTC 2026
// 同步 ID: 3ebccc15 @ Fri Jul 10 12:23:34 UTC 2026
// 同步 ID: 6f0ab19f @ Sat Jul 11 12:22:24 UTC 2026
// 重构日志: f928f202
// 同步 ID: f38039c2 @ Mon Jul 13 01:02:59 UTC 2026
// 重构日志: b75b82b1
// 重构日志: 63705a72
// 重构日志: 16cec8c3
// 重构日志: 6f032564
// 重构日志: 1ef81016
// 同步 ID: ae6b2fab @ Fri Jul 17 13:07:57 UTC 2026
// 同步 ID: 9738d12a @ Sat Jul 18 07:47:09 UTC 2026
// 同步 ID: 5e772975 @ Mon Jul 20 08:50:29 UTC 2026
// 重构日志: b5a11182
